# JRE version: OpenJDK Runtime Environment (17.0.6) (build 17.0.6+0-b2043.56-10027231)
# Java VM: OpenJDK 64-Bit Server VM (17.0.6+0-b2043.56-10027231, mixed mode, tiered, compressed oops, compressed class ptrs, g1 gc, windows-amd64)
GC Precious Log:
 CPUs: 8 total, 8 available
 Memory: 16366M
 Large Page Support: Disabled
 NUMA Support: Disabled
 Compressed Oops: Enabled (32-bit)
 Heap Region Size: 1M
 Heap Min Capacity: 8M
 Heap Initial Capacity: 256M
 Heap Max Capacity: 2G
 Pre-touch: Disabled
 Parallel Workers: 8
 Concurrent Workers: 2
 Concurrent Refinement Workers: 8
 Periodic GC: Disabled
Heap:
 garbage-first heap   total 119808K, used 69345K [0x0000000080000000, 0x0000000100000000)
  region size 1024K, 12 young (12288K), 2 survivors (2048K)
 Metaspace       used 66906K, committed 67392K, reserved 1114112K
  class space    used 8876K, committed 9088K, reserved 1048576K
GC Heap History (20 events):
Event: 10.822 GC heap before
{Heap before GC invocations=23 (full 0):
 garbage-first heap   total 87040K, used 49956K [0x0000000080000000, 0x0000000100000000)
  region size 1024K, 4 young (4096K), 2 survivors (2048K)
 Metaspace       used 53462K, committed 53952K, reserved 1097728K
  class space    used 7139K, committed 7360K, reserved 1048576K
}
Event: 10.824 GC heap after
{Heap after GC invocations=24 (full 0):
 garbage-first heap   total 87040K, used 52040K [0x0000000080000000, 0x0000000100000000)
  region size 1024K, 2 young (2048K), 2 survivors (2048K)
 Metaspace       used 53462K, committed 53952K, reserved 1097728K
  class space    used 7139K, committed 7360K, reserved 1048576K
}
Event: 11.125 GC heap before
{Heap before GC invocations=25 (full 0):
 garbage-first heap   total 92160K, used 60232K [0x0000000080000000, 0x0000000100000000)
  region size 1024K, 10 young (10240K), 2 survivors (2048K)
 Metaspace       used 54335K, committed 54784K, reserved 1097728K
  class space    used 7246K, committed 7424K, reserved 1048576K
}
Event: 11.128 GC heap after
{Heap after GC invocations=26 (full 0):
 garbage-first heap   total 92160K, used 53590K [0x0000000080000000, 0x0000000100000000)
  region size 1024K, 2 young (2048K), 2 survivors (2048K)
 Metaspace       used 54335K, committed 54784K, reserved 1097728K
  class space    used 7246K, committed 7424K, reserved 1048576K
}
Event: 11.337 GC heap before
{Heap before GC invocations=26 (full 0):
 garbage-first heap   total 92160K, used 63830K [0x0000000080000000, 0x0000000100000000)
  region size 1024K, 12 young (12288K), 2 survivors (2048K)
 Metaspace       used 55641K, committed 56064K, reserved 1097728K
  class space    used 7429K, committed 7616K, reserved 1048576K
}
Event: 11.339 GC heap after
{Heap after GC invocations=27 (full 0):
 garbage-first heap   total 92160K, used 53895K [0x0000000080000000, 0x0000000100000000)
  region size 1024K, 1 young (1024K), 1 survivors (1024K)
 Metaspace       used 55641K, committed 56064K, reserved 1097728K
  class space    used 7429K, committed 7616K, reserved 1048576K
}
Event: 11.587 GC heap before
{Heap before GC invocations=28 (full 0):
 garbage-first heap   total 96256K, used 66183K [0x0000000080000000, 0x0000000100000000)
  region size 1024K, 13 young (13312K), 1 survivors (1024K)
 Metaspace       used 57270K, committed 57792K, reserved 1105920K
  class space    used 7661K, committed 7872K, reserved 1048576K
}
Event: 11.589 GC heap after
{Heap after GC invocations=29 (full 0):
 garbage-first heap   total 96256K, used 54462K [0x0000000080000000, 0x0000000100000000)
  region size 1024K, 1 young (1024K), 1 survivors (1024K)
 Metaspace       used 57270K, committed 57792K, reserved 1105920K
  class space    used 7661K, committed 7872K, reserved 1048576K
}
Event: 11.649 GC heap before
{Heap before GC invocations=29 (full 0):
 garbage-first heap   total 96256K, used 56510K [0x0000000080000000, 0x0000000100000000)
  region size 1024K, 4 young (4096K), 1 survivors (1024K)
 Metaspace       used 57923K, committed 58432K, reserved 1105920K
  class space    used 7713K, committed 7936K, reserved 1048576K
}
Event: 11.652 GC heap after
{Heap after GC invocations=30 (full 0):
 garbage-first heap   total 96256K, used 54498K [0x0000000080000000, 0x0000000100000000)
  region size 1024K, 1 young (1024K), 1 survivors (1024K)
 Metaspace       used 57923K, committed 58432K, reserved 1105920K
  class space    used 7713K, committed 7936K, reserved 1048576K
}
Event: 11.939 GC heap before
{Heap before GC invocations=30 (full 0):
 garbage-first heap   total 96256K, used 68834K [0x0000000080000000, 0x0000000100000000)
  region size 1024K, 15 young (15360K), 1 survivors (1024K)
 Metaspace       used 60157K, committed 60736K, reserved 1105920K
  class space    used 7996K, committed 8256K, reserved 1048576K
}
Event: 11.942 GC heap after
{Heap after GC invocations=31 (full 0):
 garbage-first heap   total 96256K, used 54894K [0x0000000080000000, 0x0000000100000000)
  region size 1024K, 1 young (1024K), 1 survivors (1024K)
 Metaspace       used 60157K, committed 60736K, reserved 1105920K
  class space    used 7996K, committed 8256K, reserved 1048576K
}
Event: 12.320 GC heap before
{Heap before GC invocations=32 (full 0):
 garbage-first heap   total 99328K, used 70254K [0x0000000080000000, 0x0000000100000000)
  region size 1024K, 17 young (17408K), 1 survivors (1024K)
 Metaspace       used 63749K, committed 64384K, reserved 1105920K
  class space    used 8467K, committed 8768K, reserved 1048576K
}
Event: 12.324 GC heap after
{Heap after GC invocations=33 (full 0):
 garbage-first heap   total 99328K, used 56929K [0x0000000080000000, 0x0000000100000000)
  region size 1024K, 3 young (3072K), 3 survivors (3072K)
 Metaspace       used 63749K, committed 64384K, reserved 1105920K
  class space    used 8467K, committed 8768K, reserved 1048576K
}
Event: 12.398 GC heap before
{Heap before GC invocations=33 (full 0):
 garbage-first heap   total 99328K, used 58977K [0x0000000080000000, 0x0000000100000000)
  region size 1024K, 6 young (6144K), 3 survivors (3072K)
 Metaspace       used 64097K, committed 64704K, reserved 1105920K
  class space    used 8509K, committed 8768K, reserved 1048576K
}
Event: 12.402 GC heap after
{Heap after GC invocations=34 (full 0):
 garbage-first heap   total 99328K, used 57140K [0x0000000080000000, 0x0000000100000000)
  region size 1024K, 2 young (2048K), 2 survivors (2048K)
 Metaspace       used 64097K, committed 64704K, reserved 1105920K
  class space    used 8509K, committed 8768K, reserved 1048576K
}
Event: 12.483 GC heap before
{Heap before GC invocations=35 (full 0):
 garbage-first heap   total 119808K, used 69428K [0x0000000080000000, 0x0000000100000000)
  region size 1024K, 11 young (11264K), 2 survivors (2048K)
 Metaspace       used 64102K, committed 64704K, reserved 1105920K
  class space    used 8509K, committed 8768K, reserved 1048576K
}
Event: 12.487 GC heap after
{Heap after GC invocations=36 (full 0):
 garbage-first heap   total 119808K, used 62936K [0x0000000080000000, 0x0000000100000000)
  region size 1024K, 3 young (3072K), 3 survivors (3072K)
 Metaspace       used 64102K, committed 64704K, reserved 1105920K
  class space    used 8509K, committed 8768K, reserved 1048576K
}
Event: 12.947 GC heap before
{Heap before GC invocations=37 (full 0):
 garbage-first heap   total 119808K, used 87512K [0x0000000080000000, 0x0000000100000000)
  region size 1024K, 25 young (25600K), 3 survivors (3072K)
 Metaspace       used 66150K, committed 66688K, reserved 1114112K
  class space    used 8784K, committed 9024K, reserved 1048576K
}
Event: 12.951 GC heap after
{Heap after GC invocations=38 (full 0):
 garbage-first heap   total 119808K, used 60129K [0x0000000080000000, 0x0000000100000000)
  region size 1024K, 2 young (2048K), 2 survivors (2048K)
 Metaspace       used 66150K, committed 66688K, reserved 1114112K
  class space    used 8784K, committed 9024K, reserved 1048576K
}

